<?xml version="1.0" encoding="UTF-8"?>
<robot generator="Robot 6.1.1 (Python 3.10.12 on linux)" generated="20231015 14:42:07.854" rpa="false" schemaversion="4">
<suite id="s1" name="Amazon Testes Guerkin Bdd" source="/home/fcyugar/Documentos/RobotFramework/Web Testing/amazon_testes_guerkin_bdd.robot">
<test id="s1-t1" name="Caso de Teste 02 - Pesquisa de um Produto" line="20">
<kw name="Abrir o navegador" library="amazon_resources" type="SETUP">
<kw name="Open Browser" library="SeleniumLibrary">
<arg>browser=${BROWSER}</arg>
<arg>options=add_experimental_option("detach", True)</arg>
<doc>Opens a new browser instance to the optional ``url``.</doc>
<msg timestamp="20231015 14:42:07.953" level="INFO">Opening browser 'chrome' to base url 'None'.</msg>
<status status="PASS" starttime="20231015 14:42:07.953" endtime="20231015 14:42:08.857"/>
</kw>
<kw name="Maximize Browser Window" library="SeleniumLibrary">
<doc>Maximizes current browser window.</doc>
<status status="PASS" starttime="20231015 14:42:08.857" endtime="20231015 14:42:08.982"/>
</kw>
<status status="PASS" starttime="20231015 14:42:07.953" endtime="20231015 14:42:08.982"/>
</kw>
<kw name="Dado que estou na home page da Amazon.com.br" library="amazon_resources">
<kw name="Acessar a home page do site Amazon.com.br" library="amazon_resources">
<kw name="Go To" library="SeleniumLibrary">
<arg>url=${URL}</arg>
<doc>Navigates the current browser window to the provided ``url``.</doc>
<msg timestamp="20231015 14:42:08.983" level="INFO">Opening url 'http://www.amazon.com.br/'</msg>
<status status="PASS" starttime="20231015 14:42:08.983" endtime="20231015 14:42:10.413"/>
</kw>
<kw name="Wait Until Element Is Visible" library="SeleniumLibrary">
<arg>locator=${MENU_ELETRONICOS}</arg>
<doc>Waits until the element ``locator`` is visible.</doc>
<status status="PASS" starttime="20231015 14:42:10.413" endtime="20231015 14:42:10.451"/>
</kw>
<status status="PASS" starttime="20231015 14:42:08.983" endtime="20231015 14:42:10.451"/>
</kw>
<kw name="Verificar se o título da página fica &quot;Amazon.com.br | Tudo pra você, de A a Z.&quot;" library="amazon_resources" sourcename="Verificar se o título da página fica &quot;${TITULO}&quot;">
<kw name="Title Should Be" library="SeleniumLibrary">
<arg>title=${TITULO}</arg>
<doc>Verifies that the current page title equals ``title``.</doc>
<msg timestamp="20231015 14:42:10.462" level="INFO">Page title is 'Amazon.com.br | Tudo pra você, de A a Z.'.</msg>
<status status="PASS" starttime="20231015 14:42:10.452" endtime="20231015 14:42:10.462"/>
</kw>
<status status="PASS" starttime="20231015 14:42:10.451" endtime="20231015 14:42:10.462"/>
</kw>
<status status="PASS" starttime="20231015 14:42:08.982" endtime="20231015 14:42:10.462"/>
</kw>
<kw name="Quando pesquisar pelo produto &quot;Xbox Series S&quot;" library="amazon_resources">
<kw name="Digitar o nome de produto &quot;Xbox Series S&quot; no campo de pesquisa" library="amazon_resources" sourcename="Digitar o nome de produto &quot;${PRODUTO}&quot; no campo de pesquisa">
<kw name="Input Text" library="SeleniumLibrary">
<arg>locator=twotabsearchtextbox</arg>
<arg>text=${PRODUTO}</arg>
<doc>Types the given ``text`` into the text field identified by ``locator``.</doc>
<msg timestamp="20231015 14:42:10.463" level="INFO">Typing text 'Xbox Series S' into text field 'twotabsearchtextbox'.</msg>
<status status="PASS" starttime="20231015 14:42:10.463" endtime="20231015 14:42:10.582"/>
</kw>
<status status="PASS" starttime="20231015 14:42:10.463" endtime="20231015 14:42:10.582"/>
</kw>
<kw name="Clicar no botão de pesquisa" library="amazon_resources">
<kw name="Click Element" library="SeleniumLibrary">
<arg>locator=nav-search-submit-button</arg>
<doc>Click the element identified by ``locator``.</doc>
<msg timestamp="20231015 14:42:10.583" level="INFO">Clicking element 'nav-search-submit-button'.</msg>
<status status="PASS" starttime="20231015 14:42:10.582" endtime="20231015 14:42:12.023"/>
</kw>
<status status="PASS" starttime="20231015 14:42:10.582" endtime="20231015 14:42:12.023"/>
</kw>
<status status="PASS" starttime="20231015 14:42:10.462" endtime="20231015 14:42:12.023"/>
</kw>
<kw name="Então o título da página deve ficar &quot;Amazon.com.br : Xbox Series S&quot;" library="amazon_resources">
<kw name="Verificar se o título da página fica &quot;Amazon.com.br : Xbox Series S&quot;" library="amazon_resources" sourcename="Verificar se o título da página fica &quot;${TITULO}&quot;">
<kw name="Title Should Be" library="SeleniumLibrary">
<arg>title=${TITULO}</arg>
<doc>Verifies that the current page title equals ``title``.</doc>
<msg timestamp="20231015 14:42:12.028" level="INFO">Page title is 'Amazon.com.br : Xbox Series S'.</msg>
<status status="PASS" starttime="20231015 14:42:12.024" endtime="20231015 14:42:12.028"/>
</kw>
<status status="PASS" starttime="20231015 14:42:12.024" endtime="20231015 14:42:12.028"/>
</kw>
<status status="PASS" starttime="20231015 14:42:12.024" endtime="20231015 14:42:12.028"/>
</kw>
<kw name="E um produto da linha &quot;Xbox Series S&quot; deve ser mostrado na página" library="amazon_resources">
<kw name="Verificar o resultado da pesquisa se está listando o produto &quot;Console Xbox Series S&quot;" library="amazon_resources" sourcename="Verificar o resultado da pesquisa se está listando o produto &quot;${PRODUTO}&quot;">
<kw name="Wait Until Element Is Visible" library="SeleniumLibrary">
<arg>locator=//span[@class='a-size-base-plus a-color-base a-text-normal'][contains(.,'${PRODUTO}')]</arg>
<doc>Waits until the element ``locator`` is visible.</doc>
<status status="PASS" starttime="20231015 14:42:12.029" endtime="20231015 14:42:12.050"/>
</kw>
<status status="PASS" starttime="20231015 14:42:12.029" endtime="20231015 14:42:12.050"/>
</kw>
<status status="PASS" starttime="20231015 14:42:12.029" endtime="20231015 14:42:12.050"/>
</kw>
<kw name="Fechar o navegador" library="amazon_resources" type="TEARDOWN">
<kw name="Capture Page Screenshot" library="SeleniumLibrary">
<doc>Takes a screenshot of the current page and embeds it into a log file.</doc>
<msg timestamp="20231015 14:42:12.262" level="INFO" html="true">&lt;/td&gt;&lt;/tr&gt;&lt;tr&gt;&lt;td colspan="3"&gt;&lt;a href="selenium-screenshot-5.png"&gt;&lt;img src="selenium-screenshot-5.png" width="800px"&gt;&lt;/a&gt;</msg>
<status status="PASS" starttime="20231015 14:42:12.051" endtime="20231015 14:42:12.262"/>
</kw>
<kw name="Close Browser" library="SeleniumLibrary">
<doc>Closes the current browser.</doc>
<status status="PASS" starttime="20231015 14:42:12.262" endtime="20231015 14:42:12.337"/>
</kw>
<status status="PASS" starttime="20231015 14:42:12.050" endtime="20231015 14:42:12.337"/>
</kw>
<doc>Esse teste verifica a busca de um produto</doc>
<tag>busca_produtos</tag>
<tag>lista_busca</tag>
<status status="PASS" starttime="20231015 14:42:07.952" endtime="20231015 14:42:12.337"/>
</test>
<doc>Essa suite testa o site da Amazon.com.br</doc>
<status status="PASS" starttime="20231015 14:42:07.855" endtime="20231015 14:42:12.339"/>
</suite>
<statistics>
<total>
<stat pass="1" fail="0" skip="0">All Tests</stat>
</total>
<tag>
<stat pass="1" fail="0" skip="0">busca_produtos</stat>
<stat pass="1" fail="0" skip="0">lista_busca</stat>
</tag>
<suite>
<stat pass="1" fail="0" skip="0" id="s1" name="Amazon Testes Guerkin Bdd">Amazon Testes Guerkin Bdd</stat>
</suite>
</statistics>
<errors>
</errors>
</robot>
